<?xml version="1.0" encoding="UTF-8"?>
<testsuite name="Verificar login en la pagina de fortesza con el usuario" tests="2" skipped="0" failures="0" errors="0" timestamp="2023-04-11T14:57:25" hostname="DESKTOP-7PQH6O5" time="60.746">
  <properties/>
  <testcase name="Verificar el ingreso correcto del usuario" classname="Verificar login en la pagina de fortesza con el usuario" time="48.572"/>
  <testcase name="Verificar que si se ingresa un usuario que no es correcto no permita hacer el login" classname="Verificar login en la pagina de fortesza con el usuario" time="12.167"/>
  <system-out><![CDATA[]]></system-out>
  <system-err><![CDATA[abr 11, 2023 9:57:25 AM org.openqa.selenium.remote.DesiredCapabilities chrome
INFORMACIÓN: Using `new ChromeOptions()` is preferred to `DesiredCapabilities.chrome()`
Starting ChromeDriver 111.0.5563.64 (c710e93d5b63b7095afe8c2c17df34408078439d-refs/branch-heads/5563@{#995}) on port 9795
Only local connections are allowed.
Please see https://chromedriver.chromium.org/security-considerations for suggestions on keeping ChromeDriver safe.
ChromeDriver was started successfully.
[1681225048.323][WARNING]: This version of ChromeDriver has not been tested with Chrome version 112.
abr 11, 2023 9:57:28 AM org.openqa.selenium.remote.ProtocolHandshake createSession
INFORMACIÓN: Detected dialect: W3C
[Test worker] INFO net.serenitybdd.core.Serenity - 
        __    _____ _____ ____ _____   ____   _    ____  ____  _____ ____  
  _     \ \  |_   _| ____/ ___|_   _| |  _ \ / \  / ___|/ ___|| ____|  _ \ 
 (_)_____| |   | | |  _| \___ \ | |   | |_) / _ \ \___ \\___ \|  _| | | | |
  _|_____| |   | | | |___ ___) || |   |  __/ ___ \ ___) |___) | |___| |_| |
 (_)     | |   |_| |_____|____/ |_|   |_| /_/   \_\____/|____/|_____|____/ 
        /_/                                                                

TEST PASSED: Verificar el ingreso correcto del usuario
----------------------------------------------------------------------------
abr 11, 2023 9:58:13 AM org.openqa.selenium.remote.DesiredCapabilities chrome
INFORMACIÓN: Using `new ChromeOptions()` is preferred to `DesiredCapabilities.chrome()`
[1681225094.423][WARNING]: This version of ChromeDriver has not been tested with Chrome version 112.
abr 11, 2023 9:58:14 AM org.openqa.selenium.remote.ProtocolHandshake createSession
INFORMACIÓN: Detected dialect: W3C
[Test worker] INFO net.serenitybdd.core.Serenity - 
        __    _____ _____ ____ _____   ____   _    ____  ____  _____ ____  
  _     \ \  |_   _| ____/ ___|_   _| |  _ \ / \  / ___|/ ___|| ____|  _ \ 
 (_)_____| |   | | |  _| \___ \ | |   | |_) / _ \ \___ \\___ \|  _| | | | |
  _|_____| |   | | | |___ ___) || |   |  __/ ___ \ ___) |___) | |___| |_| |
 (_)     | |   |_| |_____|____/ |_|   |_| /_/   \_\____/|____/|_____|____/ 
        /_/                                                                

TEST PASSED: Verificar que si se ingresa un usuario que no es correcto no permita hacer el login
----------------------------------------------------------------------------
]]></system-err>
</testsuite>
